<?xml version="1.0" encoding="UTF-8"?>
<!-- Generated by org.testng.reporters.JUnitReportReporter -->
<testsuite hostname="DESKTOP-TBCA5D8" failures="0" tests="1" name="Bike.YamahaTest" time="9.336" errors="0" timestamp="2025-07-28T12:34:18 IST" skipped="0">
  <testcase classname="Bike.YamahaTest" name="opensite" time="9.336">
    <system-out>
      <![CDATA[Yamaha lanuched]]>
    </system-out>
  </testcase> <!-- opensite -->
  <system-out>
    <![CDATA[Yamaha lanuched]]>
  </system-out>
</testsuite> <!-- Bike.YamahaTest -->
