<?xml version="1.0" encoding="UTF-8"?>
<!-- Generated by org.testng.reporters.JUnitReportReporter -->
<testsuite hostname="DESKTOP-TBCA5D8" failures="0" tests="1" name="Demo.Launch" time="8.874" errors="0" timestamp="2025-07-28T12:20:41 IST" skipped="0">
  <testcase classname="Demo.Launch" name="lanuch" time="8.874"/>
</testsuite> <!-- Demo.Launch -->
