<?xml version="1.0" encoding="UTF-8"?>
<!-- Generated by org.testng.reporters.JUnitReportReporter -->
<testsuite hostname="DESKTOP-TBCA5D8" failures="0" tests="1" name="extentreports.AddScreenshotIntoReport" time="11.242" errors="0" timestamp="2025-07-29T13:46:47 IST" skipped="0">
  <testcase classname="extentreports.AddScreenshotIntoReport" name="addScreenshot" time="11.242"/>
</testsuite> <!-- extentreports.AddScreenshotIntoReport -->
