<?xml version="1.0" encoding="UTF-8"?>
<!-- Generated by org.testng.reporters.JUnitReportReporter -->
<testsuite hostname="DESKTOP-TBCA5D8" failures="0" tests="1" name="extentreports.LearnExtentReports" time="1.659" errors="0" timestamp="2025-07-29T13:30:07 IST" skipped="0">
  <testcase classname="extentreports.LearnExtentReports" name="createReport" time="1.659"/>
</testsuite> <!-- extentreports.LearnExtentReports -->
