<?xml version="1.0" encoding="UTF-8"?>
<!-- Generated by org.testng.reporters.JUnitReportReporter -->
<testsuite hostname="DESKTOP-TBCA5D8" failures="0" tests="1" name="Bike.KawasakiTest" time="3.685" errors="0" timestamp="2025-07-28T13:45:54 IST" skipped="0">
  <testcase classname="Bike.KawasakiTest" name="opensite" time="3.685">
    <system-out>
      <![CDATA[Kawasaki lanuched]]>
    </system-out>
  </testcase> <!-- opensite -->
  <system-out>
    <![CDATA[Bajaji lanuched
Kawasaki lanuched
Yamaha lanuched]]>
  </system-out>
</testsuite> <!-- Bike.KawasakiTest -->
