<?xml version="1.0" encoding="UTF-8"?>
<!-- Generated by org.testng.reporters.JUnitReportReporter -->
<testsuite hostname="DESKTOP-TBCA5D8" failures="0" tests="1" name="Bike.BajajiTest" time="7.869" errors="0" timestamp="2025-07-28T13:47:28 IST" skipped="0">
  <testcase classname="Bike.BajajiTest" name="opensite" time="7.869">
    <system-out>
      <![CDATA[Bajaji lanuched]]>
    </system-out>
  </testcase> <!-- opensite -->
  <system-out>
    <![CDATA[Bajaji lanuched]]>
  </system-out>
</testsuite> <!-- Bike.BajajiTest -->
